<?xml version="1.0" encoding="UTF-8"?>
<testsuite xmlns:xsi="http://www.w3.org/2001/XMLSchema-instance" xsi:noNamespaceSchemaLocation="https://maven.apache.org/surefire/maven-surefire-plugin/xsd/surefire-test-report-3.0.xsd" version="3.0" name="com.jdc.mkt.test.AccountTest" time="1.63" tests="1" errors="0" skipped="0" failures="0">
  <properties>
[...]
</properties>
  <testcase name="test" classname="com.jdc.mkt.test.AccountTest" time="0.018">
    <system-out><![CDATA[Hibernate: 
    
    alter table address_tbl 
       drop 
       foreign key FK90d075l74tp3e2mpun85pnedo
Hibernate: 
    
    alter table contact_tbl 
       drop 
       foreign key FK8mxdxpea29rji2psbttk53tvo
Hibernate: 
    
    drop table if exists account_tbl
Hibernate: 
    
    drop table if exists address_tbl
Hibernate: 
    
    drop table if exists contact_tbl
Hibernate: 
    
    create table account_tbl (
       id integer not null auto_increment,
        email varchar(255),
        primaryContact varchar(255),
        secondaryContact varchar(255),
        loginId varchar(255),
        name varchar(255),
        password varchar(255),
        primary key (id)
    ) engine=InnoDB
Hibernate: 
    
    create table address_tbl (
       city varchar(255),
        township varchar(255),
        id integer not null,
        primary key (id)
    ) engine=InnoDB
Hibernate: 
    
    create table contact_tbl (
       street varchar(255),
        id integer not null,
        primary key (id)
    ) engine=InnoDB
Hibernate: create index IDXt8un1ulhyx8twgs2snpdd0s72 on account_tbl (name)
Hibernate: 
    
    alter table account_tbl 
       add constraint UKt8un1ulhyx8twgs2snpdd0s72 unique (name)
Hibernate: 
    
    alter table account_tbl 
       add constraint UKhd5et6bs08j4bo67gukak3b9n unique (password)
Hibernate: 
    
    alter table address_tbl 
       add constraint FK90d075l74tp3e2mpun85pnedo 
       foreign key (id) 
       references account_tbl (id)
Hibernate: 
    
    alter table contact_tbl 
       add constraint FK8mxdxpea29rji2psbttk53tvo 
       foreign key (id) 
       references account_tbl (id)
]]></system-out>
    <system-err><![CDATA[Nov 06, 2023 2:47:41 PM org.hibernate.jpa.internal.util.LogHelper logPersistenceUnitInformation
INFO: HHH000204: Processing PersistenceUnitInfo [name: 04-hibernate-jpa]
Nov 06, 2023 2:47:41 PM org.hibernate.Version logVersion
INFO: HHH000412: Hibernate ORM core version 5.6.15.Final
Nov 06, 2023 2:47:42 PM org.hibernate.annotations.common.reflection.java.JavaReflectionManager <clinit>
INFO: HCANN000001: Hibernate Commons Annotations {5.1.2.Final}
Nov 06, 2023 2:47:42 PM org.hibernate.engine.jdbc.connections.internal.DriverManagerConnectionProviderImpl configure
WARN: HHH10001002: Using Hibernate built-in connection pool (not for production use!)
Nov 06, 2023 2:47:42 PM org.hibernate.engine.jdbc.connections.internal.DriverManagerConnectionProviderImpl buildCreator
INFO: HHH10001005: using driver [com.mysql.cj.jdbc.Driver] at URL [jdbc:mysql://localhost:3306/testdb]
Nov 06, 2023 2:47:42 PM org.hibernate.engine.jdbc.connections.internal.DriverManagerConnectionProviderImpl buildCreator
INFO: HHH10001001: Connection properties: {password=****, user=root}
Nov 06, 2023 2:47:42 PM org.hibernate.engine.jdbc.connections.internal.DriverManagerConnectionProviderImpl buildCreator
INFO: HHH10001003: Autocommit mode: false
Nov 06, 2023 2:47:42 PM org.hibernate.engine.jdbc.connections.internal.DriverManagerConnectionProviderImpl$PooledConnections <init>
INFO: HHH000115: Hibernate connection pool size: 20 (min=1)
Nov 06, 2023 2:47:42 PM org.hibernate.dialect.Dialect <init>
INFO: HHH000400: Using dialect: org.hibernate.dialect.MySQL8Dialect
Nov 06, 2023 2:47:43 PM org.hibernate.resource.transaction.backend.jdbc.internal.DdlTransactionIsolatorNonJtaImpl getIsolatedConnection
INFO: HHH10001501: Connection obtained from JdbcConnectionAccess [org.hibernate.engine.jdbc.env.internal.JdbcEnvironmentInitiator$ConnectionProviderJdbcConnectionAccess@759de304] for (non-JTA) DDL execution was not in auto-commit mode; the Connection 'local transaction' will be committed and the Connection will be set into auto-commit mode.
Nov 06, 2023 2:47:43 PM org.hibernate.resource.transaction.backend.jdbc.internal.DdlTransactionIsolatorNonJtaImpl getIsolatedConnection
INFO: HHH10001501: Connection obtained from JdbcConnectionAccess [org.hibernate.engine.jdbc.env.internal.JdbcEnvironmentInitiator$ConnectionProviderJdbcConnectionAccess@af7e376] for (non-JTA) DDL execution was not in auto-commit mode; the Connection 'local transaction' will be committed and the Connection will be set into auto-commit mode.
Nov 06, 2023 2:47:43 PM org.hibernate.engine.transaction.jta.platform.internal.JtaPlatformInitiator initiateService
INFO: HHH000490: Using JtaPlatform implementation: [org.hibernate.engine.transaction.jta.platform.internal.NoJtaPlatform]
]]></system-err>
  </testcase>
</testsuite>